<?xml version="1.0" encoding="UTF-8"?>
<testExecutions version="1">
    <file path="/Users/nhan.nguyen/Desktop/project/reactjs/gitwize-fe/src/utils/apiUtils.test.js">
        <testCase name="transformRepositoryStatsApiResponse Create instace of Array" duration="5"/>
        <testCase name="transformRepositoryStatsApiResponse Return enough data" duration="0"/>
        <testCase name="transformRepositoryStatsApiResponse Return correct data" duration="1"/>
        <testCase name="transformRepositoryStatsApiResponse Value is within the object" duration="7"/>
        <testCase name="transformRepositoryStatsApiResponse Missing field will be replaced by 0" duration="1"/>
        <testCase name="getRepositoryNameFromGitHubUrl Return reponame from github url" duration="1"/>
        <testCase name="getRepositoryNameFromGitHubUrl Invalid github url" duration="0"/>
        <testCase name="getRepositoryNameFromGitHubUrl GitHub URL with SSH format" duration="1"/>
        <testCase name="getRepositoryNameFromGitHubUrl URL without .git" duration="1"/>
    </file>
    <file path="/Users/nhan.nguyen/Desktop/project/reactjs/gitwize-fe/src/utils/dataUtils.test.js">
        <testCase name="createReversedArray Create instace of Array" duration="3"/>
        <testCase name="createReversedArray Return enough data" duration="0"/>
        <testCase name="createReversedArray Return correct data" duration="2"/>
        <testCase name="transformPeriodToDateRange Create instance of object" duration="0"/>
        <testCase name="transformPeriodToDateRange Create valid data" duration="1"/>
        <testCase name="transformPeriodToDateRange Create correct data" duration="6"/>
        <testCase name="transformToChartData Create instance of object" duration="1"/>
        <testCase name="transformToChartData Create correct data" duration="15"/>
        <testCase name="filterTableData Create instance of object" duration="0"/>
        <testCase name="filterTableData Create correct data" duration="12"/>
        <testCase name="transformToChartData Create instance of object" duration="0"/>
        <testCase name="transformToChartData Create correct data" duration="1"/>
        <testCase name="convertTableObjectToTableColumn Create instance of object" duration="0"/>
        <testCase name="convertTableObjectToTableColumn Create correct data" duration="1"/>
    </file>
    <file path="/Users/nhan.nguyen/Desktop/project/reactjs/gitwize-fe/src/clients/http/client.test.js">
        <testCase name="Test HttpService have HTTP Client instance" duration="3"/>
        <testCase name="Test HttpService be KO when sending KO request (simulate validation) for all methods" duration="5"/>
        <testCase name="Test HttpService be OK when using get() method with or without query params" duration="12"/>
        <testCase name="Test HttpService be KO when using get() method with request body" duration="0"/>
        <testCase name="Test HttpService be OK when using put() method with request body and query params" duration="1"/>
        <testCase name="Test HttpService be KO when using put() method without request body" duration="1"/>
        <testCase name="Test HttpService be OK when using post() method with request body and query params" duration="0"/>
        <testCase name="Test HttpService be KO when using post() method without request body" duration="1"/>
        <testCase name="Test HttpService be OK when using patch() method with request body and query params" duration="1"/>
        <testCase name="Test HttpService be KO when using patch() method without request body" duration="0"/>
        <testCase name="Test HttpService be OK when using delete() method with or without query params" duration="1"/>
        <testCase name="Test HttpService be KO when using delete() method with request body" duration="0"/>
        <testCase name="Test HttpService be OK when using options() with or without query params" duration="1"/>
        <testCase name="Test HttpService be KO when using options() with request body" duration="0"/>
        <testCase name="Test HttpService be OK when using head() with or without query params" duration="1"/>
        <testCase name="Test HttpService be KO when using head() with request body" duration="1"/>
    </file>
    <file path="/Users/nhan.nguyen/Desktop/project/reactjs/gitwize-fe/src/apis/base.test.js">
        <testCase name="ApiHttpClient should attach access token to the header" duration="774"/>
    </file>
    <file path="/Users/nhan.nguyen/Desktop/project/reactjs/gitwize-fe/src/components/Chart/__tests__/Chart.test.js">
        <testCase name="Chart render withour crashing" duration="58"/>
        <testCase name="Chart There should be a combination of bar and Line Chart" duration="4"/>
        <testCase name="Chart There should be only 2 lines of Line Chart" duration="3"/>
        <testCase name="Chart There should be only bars of Bar Chart" duration="3"/>
    </file>
    <file path="/Users/nhan.nguyen/Desktop/project/reactjs/gitwize-fe/src/views/Navbar.test.js">
        <testCase name="Navbar component renders without crashing" duration="5"/>
        <testCase name="Navbar component renders with drawer" duration="1"/>
        <testCase name="Navbar component renders without Expend Button" duration="1"/>
    </file>
</testExecutions>